{
  "RSpec": {
    "coverage": {
      "/Users/achintgupta/Personal/event_management/app/models/event_user.rb": {
        "lines": [
          1,
          1,
          1,
          null,
          1,
          null,
          1,
          null,
          1,
          null,
          null,
          null,
          null,
          5,
          5,
          5,
          5,
          null,
          null,
          null,
          1,
          3,
          null,
          3,
          3,
          126,
          126,
          null,
          null,
          3,
          5,
          null,
          null,
          null,
          null,
          null,
          0,
          null,
          null,
          null,
          1,
          15,
          null,
          null,
          null,
          1,
          4,
          null,
          null,
          null,
          null,
          null,
          null,
          null,
          null,
          4,
          null,
          null,
          null
        ]
      },
      "/Users/achintgupta/Personal/event_management/app/models/application_record.rb": {
        "lines": [
          1,
          1,
          null
        ]
      },
      "/Users/achintgupta/Personal/event_management/app/models/event.rb": {
        "lines": [
          1,
          null,
          1,
          1,
          1,
          null,
          14,
          1,
          null,
          1,
          1,
          1,
          null,
          null,
          null,
          null,
          5,
          1,
          4,
          null,
          null,
          null,
          null,
          null,
          1,
          null,
          null,
          1,
          1,
          4,
          4,
          null,
          null,
          null,
          null,
          null,
          null,
          3,
          null,
          null,
          1,
          null,
          null,
          null,
          1,
          1,
          null,
          null,
          1,
          3,
          null,
          null,
          1,
          13,
          null,
          13,
          null,
          null,
          1,
          19,
          null,
          1,
          null,
          null
        ]
      },
      "/Users/achintgupta/Personal/event_management/app/models/user.rb": {
        "lines": [
          1,
          null,
          1,
          1,
          1,
          null,
          1,
          1,
          null,
          4,
          null,
          null,
          1,
          2,
          6,
          null,
          null,
          null,
          null,
          null,
          2,
          null,
          null,
          null
        ]
      }
    },
    "timestamp": 1611526316
  }
}
